<?xml version="1.0" encoding="UTF-8"?>
<!-- Generated by org.testng.reporters.JUnitReportReporter -->
<testsuite hostname="CoderGirl" failures="0" tests="2" name="testcases.Test_TC_LoginPage_001" time="6.831" errors="0" timestamp="2024-05-13T11:25:14 CDT" skipped="0">
  <testcase classname="testcases.Test_TC_LoginPage_001" name="testLoginPage" time="2.649"/>
  <testcase classname="testcases.Test_TC_LoginPage_001" name="testHomePageTitle" time="4.182"/>
</testsuite> <!-- testcases.Test_TC_LoginPage_001 -->
