<?xml version="1.0" encoding="UTF-8"?>
<!-- Generated by org.testng.reporters.JUnitReportReporter -->
<testsuite hostname="CoderGirl" failures="0" tests="2" name="testcases.Test_TC_LoginPage_001" time="6.491" errors="0" timestamp="2024-05-17T10:28:52 CDT" skipped="0">
  <testcase classname="testcases.Test_TC_LoginPage_001" name="testLoginPage" time="0.944"/>
  <testcase classname="testcases.Test_TC_LoginPage_001" name="testHomePageTitle" time="5.547"/>
</testsuite> <!-- testcases.Test_TC_LoginPage_001 -->
