<?xml version="1.0" encoding="UTF-8"?>
<!-- Generated by org.testng.reporters.JUnitReportReporter -->
<testsuite hostname="CoderGirl" failures="0" tests="2" name="testcases.Test_TC_LoginPage_001" time="11.246" errors="0" timestamp="2024-05-25T13:43:20 CDT" skipped="0">
  <testcase classname="testcases.Test_TC_LoginPage_001" name="testLoginPage" time="1.483"/>
  <testcase classname="testcases.Test_TC_LoginPage_001" name="testHomePageTitle" time="9.763"/>
</testsuite> <!-- testcases.Test_TC_LoginPage_001 -->
