<?xml version="1.0" encoding="UTF-8"?>
<!-- Generated by org.testng.reporters.JUnitReportReporter -->
<testsuite hostname="CoderGirl" failures="0" tests="1" name="utilities.DataBaseTesting" time="0.178" errors="0" timestamp="2024-05-09T11:56:04 CDT" skipped="0">
  <testcase classname="utilities.DataBaseTesting" name="test" time="0.178"/>
</testsuite> <!-- utilities.DataBaseTesting -->
