<?xml version="1.0" encoding="UTF-8"?>
<!-- Generated by org.testng.reporters.JUnitReportReporter -->
<testsuite hostname="CoderGirl" failures="0" tests="2" name="testcases.Test_TC_LoginPage_001" time="11.356" errors="0" timestamp="2024-05-16T12:04:32 CDT" skipped="0">
  <testcase classname="testcases.Test_TC_LoginPage_001" name="testLoginPage" time="3.991"/>
  <testcase classname="testcases.Test_TC_LoginPage_001" name="testHomePageTitle" time="7.365"/>
</testsuite> <!-- testcases.Test_TC_LoginPage_001 -->
