<?xml version="1.0" encoding="UTF-8"?>
<!-- Generated by org.testng.reporters.JUnitReportReporter -->
<testsuite hostname="CoderGirl" failures="0" tests="1" name="basePkg.BaseClass" time="6.935" errors="0" timestamp="2024-05-07T12:35:08 CDT" skipped="0">
  <testcase classname="basePkg.BaseClass" name="openBrowser" time="6.935"/>
</testsuite> <!-- basePkg.BaseClass -->
