<?xml version="1.0" encoding="UTF-8"?>
<!-- Generated by org.testng.reporters.JUnitReportReporter -->
<testsuite hostname="CoderGirl" failures="0" tests="1" name="dBTest.DataBaseTesting" time="0.919" errors="0" timestamp="2024-05-09T13:21:49 CDT" skipped="0">
  <testcase classname="dBTest.DataBaseTesting" name="testData" time="0.919"/>
</testsuite> <!-- dBTest.DataBaseTesting -->
