<?xml version="1.0" encoding="UTF-8"?>
<!-- Generated by org.testng.reporters.JUnitReportReporter -->
<testsuite hostname="CoderGirl" failures="0" tests="2" name="testcases.Test_TC_LoginPage_001" time="30.505" errors="0" timestamp="2024-05-09T13:21:49 CDT" skipped="0">
  <testcase classname="testcases.Test_TC_LoginPage_001" name="testLoginPage" time="15.092"/>
  <testcase classname="testcases.Test_TC_LoginPage_001" name="testHomePageTitle" time="15.413"/>
</testsuite> <!-- testcases.Test_TC_LoginPage_001 -->
