<?xml version="1.0" encoding="UTF-8"?>
<!-- Generated by org.testng.reporters.JUnitReportReporter -->
<testsuite hostname="CoderGirl" failures="0" tests="1" name="dbTest.DataBaseConnections" time="0.137" errors="0" timestamp="2024-05-16T10:01:21 CDT" skipped="0">
  <testcase classname="dbTest.DataBaseConnections" name="getUser" time="0.137"/>
</testsuite> <!-- dbTest.DataBaseConnections -->
