<?xml version="1.0" encoding="UTF-8"?>
<!-- Generated by org.testng.reporters.JUnitReportReporter -->
<testsuite hostname="CoderGirl" failures="0" tests="1" name="dBTest.DataBaseConnections" time="0.219" errors="0" timestamp="2024-05-09T13:28:15 CDT" skipped="0">
  <testcase classname="dBTest.DataBaseConnections" name="testData" time="0.219"/>
</testsuite> <!-- dBTest.DataBaseConnections -->
