<?xml version="1.0" encoding="UTF-8"?>
<!-- Generated by org.testng.reporters.JUnitReportReporter -->
<testsuite hostname="CoderGirl" failures="0" tests="4" name="dbTest.DataBaseReader" time="23.809" errors="0" timestamp="2024-05-16T14:26:34 CDT" skipped="0">
  <testcase classname="dbTest.DataBaseReader" name="testLandingPage" time="3.459"/>
  <testcase classname="dbTest.DataBaseReader" name="testDbConnection" time="5.187"/>
  <testcase classname="dbTest.DataBaseReader" name="testLoginPage" time="14.783"/>
  <testcase classname="dbTest.DataBaseReader" name="testGetUsers" time="0.380"/>
</testsuite> <!-- dbTest.DataBaseReader -->
