<?xml version="1.0" encoding="UTF-8"?>
<!-- Generated by org.testng.reporters.JUnitReportReporter -->
<testsuite hostname="CoderGirl" failures="0" tests="4" name="dbTest.DataBaseTesting" time="6.770" errors="0" timestamp="2024-05-16T14:56:11 CDT" skipped="0">
  <testcase classname="dbTest.DataBaseTesting" name="testLandingPage" time="0.890"/>
  <testcase classname="dbTest.DataBaseTesting" name="testDbConnection" time="1.453"/>
  <testcase classname="dbTest.DataBaseTesting" name="testLoginPage" time="4.273"/>
  <testcase classname="dbTest.DataBaseTesting" name="testGetUsers" time="0.154"/>
</testsuite> <!-- dbTest.DataBaseTesting -->
