<?xml version="1.0" encoding="UTF-8"?>
<!-- Generated by org.testng.reporters.JUnitReportReporter -->
<testsuite hostname="CoderGirl" failures="0" tests="2" name="testcases.Test_TC_LoginPage_001" time="21.176" errors="0" timestamp="2024-05-07T19:23:37 CDT" skipped="0">
  <testcase classname="testcases.Test_TC_LoginPage_001" name="testLoginPageTitle" time="12.789"/>
  <testcase classname="testcases.Test_TC_LoginPage_001" name="testLoginPage" time="8.387"/>
</testsuite> <!-- testcases.Test_TC_LoginPage_001 -->
