<?xml version="1.0" encoding="UTF-8"?>
<!-- Generated by org.testng.reporters.JUnitReportReporter -->
<testsuite hostname="CoderGirl" failures="0" tests="4" name="dbTest.DataBaseConnections" time="0.462" errors="0" timestamp="2024-05-13T15:00:50 CDT" skipped="0">
  <testcase classname="dbTest.DataBaseConnections" name="insertUser" time="0.123"/>
  <testcase classname="dbTest.DataBaseConnections" name="updateUser" time="0.025"/>
  <testcase classname="dbTest.DataBaseConnections" name="testData" time="0.215"/>
  <testcase classname="dbTest.DataBaseConnections" name="deleteUser" time="0.099"/>
</testsuite> <!-- dbTest.DataBaseConnections -->
