<?xml version="1.0" encoding="UTF-8"?>
<!-- Generated by org.testng.reporters.JUnitReportReporter -->
<testsuite hostname="CoderGirl" failures="0" tests="4" name="baseClass.BaseClass" time="10.097" errors="0" timestamp="2024-05-01T10:00:27 CDT" skipped="3">
  <testcase classname="baseClass.BaseClass" name="openBrowser" time="10.097"/>
  <testcase classname="baseClass.BaseClass" name="fileUpLoad">
    <skipped/>
  </testcase> <!-- fileUpLoad -->
  <testcase classname="baseClass.BaseClass" name="testSecondHomePage">
    <skipped/>
  </testcase> <!-- testSecondHomePage -->
  <testcase classname="baseClass.BaseClass" name="testOpenHomePage">
    <skipped/>
  </testcase> <!-- testOpenHomePage -->
</testsuite> <!-- baseClass.BaseClass -->
